<?xml version="1.0" encoding="UTF-8"?>
<testsuite xmlns:xsi="http://www.w3.org/2001/XMLSchema-instance" xsi:noNamespaceSchemaLocation="https://maven.apache.org/surefire/maven-surefire-plugin/xsd/surefire-test-report-3.0.xsd" version="3.0" name="org.sir.appgestionstock.ApplicationTest" time="18.111" tests="1" errors="0" skipped="0" failures="0">
  <properties>
[...]
</properties>
  <testcase name="contextLoads" classname="org.sir.appgestionstock.ApplicationTest" time="0.834">
    <system-out><![CDATA[Standard Commons Logging discovery in action with spring-jcl: please remove commons-logging.jar from classpath in order to avoid potential conflicts
20:22:53.896 [main] INFO org.springframework.test.context.support.AnnotationConfigContextLoaderUtils -- Could not detect default configuration classes for test class [org.sir.appgestionstock.ApplicationTest]: ApplicationTest does not declare any static, non-private, non-final, nested classes annotated with @Configuration.
20:22:54.195 [main] INFO org.springframework.boot.test.context.SpringBootTestContextBootstrapper -- Found @SpringBootConfiguration org.sir.appgestionstock.Application for test class org.sir.appgestionstock.ApplicationTest

  .   ____          _            __ _ _
 /\\ / ___'_ __ _ _(_)_ __  __ _ \ \ \ \
( ( )\___ | '_ | '_| | '_ \/ _` | \ \ \ \
 \\/  ___)| |_)| | | | | || (_| |  ) ) ) )
  '  |____| .__|_| |_|_| |_\__, | / / / /
 =========|_|==============|___/=/_/_/_/
 :: Spring Boot ::                (v3.1.5)

2024-06-04T20:22:55.072+01:00  INFO 13140 --- [           main] o.sir.appgestionstock.ApplicationTest    : Starting ApplicationTest using Java 21.0.2 with PID 13140 (started by Khadija in C:\Users\Khadija\Desktop\lastversion\app-gestion\app-gestion-stock-backend)
2024-06-04T20:22:55.074+01:00  INFO 13140 --- [           main] o.sir.appgestionstock.ApplicationTest    : The following 1 profile is active: "dev"
2024-06-04T20:22:56.992+01:00  INFO 13140 --- [           main] .s.d.r.c.RepositoryConfigurationDelegate : Bootstrapping Spring Data JPA repositories in DEFAULT mode.
2024-06-04T20:22:57.537+01:00  INFO 13140 --- [           main] .s.d.r.c.RepositoryConfigurationDelegate : Finished Spring Data repository scanning in 530 ms. Found 34 JPA repository interfaces.
2024-06-04T20:22:58.680+01:00  INFO 13140 --- [           main] o.hibernate.jpa.internal.util.LogHelper  : HHH000204: Processing PersistenceUnitInfo [name: default]
2024-06-04T20:22:58.813+01:00  INFO 13140 --- [           main] org.hibernate.Version                    : HHH000412: Hibernate ORM core version 6.2.13.Final
2024-06-04T20:22:58.817+01:00  INFO 13140 --- [           main] org.hibernate.cfg.Environment            : HHH000406: Using bytecode reflection optimizer
2024-06-04T20:22:59.611+01:00  INFO 13140 --- [           main] o.s.o.j.p.SpringPersistenceUnitInfo      : No LoadTimeWeaver setup: ignoring JPA class transformer
2024-06-04T20:22:59.673+01:00  INFO 13140 --- [           main] com.zaxxer.hikari.HikariDataSource       : HikariPool-1 - Starting...
2024-06-04T20:23:00.020+01:00  INFO 13140 --- [           main] com.zaxxer.hikari.pool.HikariPool        : HikariPool-1 - Added connection com.mysql.cj.jdbc.ConnectionImpl@7de3206d
2024-06-04T20:23:00.025+01:00  INFO 13140 --- [           main] com.zaxxer.hikari.HikariDataSource       : HikariPool-1 - Start completed.
2024-06-04T20:23:00.066+01:00  WARN 13140 --- [           main] org.hibernate.orm.deprecation            : HHH90000025: MySQL8Dialect does not need to be specified explicitly using 'hibernate.dialect' (remove the property setting and it will be selected by default)
2024-06-04T20:23:00.068+01:00  WARN 13140 --- [           main] org.hibernate.orm.deprecation            : HHH90000026: MySQL8Dialect has been deprecated; use org.hibernate.dialect.MySQLDialect instead
2024-06-04T20:23:02.432+01:00  INFO 13140 --- [           main] o.h.e.t.j.p.i.JtaPlatformInitiator       : HHH000489: No JTA platform available (set 'hibernate.transaction.jta.platform' to enable JTA platform integration)
2024-06-04T20:23:02.478+01:00  INFO 13140 --- [           main] org.hibernate.orm.connections.access     : HHH10001501: Connection obtained from JdbcConnectionAccess [org.hibernate.engine.jdbc.env.internal.JdbcEnvironmentInitiator$ConnectionProviderJdbcConnectionAccess@253c7189] for (non-JTA) DDL execution was not in auto-commit mode; the Connection 'local transaction' will be committed and the Connection will be set into auto-commit mode.
2024-06-04T20:23:03.461+01:00  INFO 13140 --- [           main] j.LocalContainerEntityManagerFactoryBean : Initialized JPA EntityManagerFactory for persistence unit 'default'
2024-06-04T20:23:04.273+01:00  INFO 13140 --- [           main] o.s.d.j.r.query.QueryEnhancerFactory     : Hibernate is in classpath; If applicable, HQL parser will be used.
2024-06-04T20:23:09.775+01:00  WARN 13140 --- [           main] JpaBaseConfiguration$JpaWebConfiguration : spring.jpa.open-in-view is enabled by default. Therefore, database queries may be performed during view rendering. Explicitly configure spring.jpa.open-in-view to disable this warning
2024-06-04T20:23:10.380+01:00  INFO 13140 --- [           main] o.s.s.web.DefaultSecurityFilterChain     : Will secure any request with [org.springframework.security.web.session.DisableEncodeUrlFilter@1342c6e1, org.springframework.security.web.context.request.async.WebAsyncManagerIntegrationFilter@4a547f9d, org.springframework.security.web.context.SecurityContextPersistenceFilter@3087b35f, org.springframework.security.web.header.HeaderWriterFilter@751df26c, org.springframework.web.filter.CorsFilter@7828111d, org.springframework.security.web.authentication.logout.LogoutFilter@58d85a00, org.sir.appgestionstock.zsecurity.jwt.AuthTokenFilter@6a225642, org.springframework.security.web.savedrequest.RequestCacheAwareFilter@19324eab, org.springframework.security.web.servletapi.SecurityContextHolderAwareRequestFilter@20bd3082, org.springframework.security.web.authentication.AnonymousAuthenticationFilter@1dbb3001, org.springframework.security.web.session.SessionManagementFilter@5168f69d, org.springframework.security.web.access.ExceptionTranslationFilter@524a96f5, org.springframework.security.web.access.intercept.AuthorizationFilter@1a6864f0]
2024-06-04T20:23:10.811+01:00  INFO 13140 --- [           main] o.sir.appgestionstock.ApplicationTest    : Started ApplicationTest in 16.256 seconds (process running for 18.141)
]]></system-out>
    <system-err><![CDATA[WARNING: A Java agent has been loaded dynamically (C:\Users\Khadija\.m2\repository\net\bytebuddy\byte-buddy-agent\1.14.9\byte-buddy-agent-1.14.9.jar)
WARNING: If a serviceability tool is in use, please run with -XX:+EnableDynamicAgentLoading to hide this warning
WARNING: If a serviceability tool is not in use, please run with -Djdk.instrument.traceUsage for more information
WARNING: Dynamic loading of agents will be disallowed by default in a future release
]]></system-err>
  </testcase>
</testsuite>